<?xml version="1.0" encoding="UTF-8"?>
<testsuite name="MultiplierTest" tests="3" skipped="0" failures="0" errors="0" timestamp="2021-10-09T18:13:09" hostname="RET" time="0.017">
  <properties/>
  <testcase name="canMultiplyWithZero()" classname="MultiplierTest" time="0.015"/>
  <testcase name="canMultiplyDoubleDigits()" classname="MultiplierTest" time="0.0"/>
  <testcase name="canMultiplySingleDigits()" classname="MultiplierTest" time="0.0"/>
  <system-out><![CDATA[]]></system-out>
  <system-err><![CDATA[]]></system-err>
</testsuite>
